10-15 13:02:34 com_github_MitjaNemec_PlaceFootprints.action_place_footprints 647:Plugin executed on: 'win32'
10-15 13:02:34 com_github_MitjaNemec_PlaceFootprints.action_place_footprints 648:Plugin executed with python version: '3.11.5 (main, Aug 14 2024, 05:26:19) [MSC v.1939 64 bit (AMD64)]'
10-15 13:02:34 com_github_MitjaNemec_PlaceFootprints.action_place_footprints 649:KiCad build version: 8.0.5
10-15 13:02:34 com_github_MitjaNemec_PlaceFootprints.action_place_footprints 650:Plugin version: 3.0.0
10-15 13:02:34 com_github_MitjaNemec_PlaceFootprints.action_place_footprints 651:Frame repr: <wx._core.Frame object at 0x000002C7B5D6A320>
10-15 13:02:34 com_github_MitjaNemec_PlaceFootprints.place_footprints 121:getting a list of all footprints on board
10-15 13:02:34 com_github_MitjaNemec_PlaceFootprints.place_footprints 156:Footprint J18 on root level
10-15 13:02:34 com_github_MitjaNemec_PlaceFootprints.place_footprints 156:Footprint J11 on root level
10-15 13:02:34 com_github_MitjaNemec_PlaceFootprints.place_footprints 156:Footprint J20 on root level
10-15 13:02:34 com_github_MitjaNemec_PlaceFootprints.place_footprints 156:Footprint J13 on root level
10-15 13:02:34 com_github_MitjaNemec_PlaceFootprints.place_footprints 156:Footprint J19 on root level
10-15 13:02:34 com_github_MitjaNemec_PlaceFootprints.place_footprints 156:Footprint J17 on root level
10-15 13:02:34 com_github_MitjaNemec_PlaceFootprints.place_footprints 156:Footprint J21 on root level
10-15 13:02:34 com_github_MitjaNemec_PlaceFootprints.place_footprints 156:Footprint J22 on root level
10-15 13:02:34 com_github_MitjaNemec_PlaceFootprints.place_footprints 156:Footprint J15 on root level
10-15 13:02:34 com_github_MitjaNemec_PlaceFootprints.place_footprints 156:Footprint J12 on root level
10-15 13:02:34 com_github_MitjaNemec_PlaceFootprints.place_footprints 156:Footprint J14 on root level
10-15 13:02:34 com_github_MitjaNemec_PlaceFootprints.place_footprints 156:Footprint  on root level
10-15 13:02:34 com_github_MitjaNemec_PlaceFootprints.place_footprints 156:Footprint J16 on root level
10-15 13:02:34 com_github_MitjaNemec_PlaceFootprints.place_footprints 156:Footprint C8 on root level
10-15 13:02:34 com_github_MitjaNemec_PlaceFootprints.place_footprints 156:Footprint C5 on root level
10-15 13:02:34 com_github_MitjaNemec_PlaceFootprints.place_footprints 156:Footprint C14 on root level
10-15 13:02:34 com_github_MitjaNemec_PlaceFootprints.place_footprints 156:Footprint C13 on root level
10-15 13:02:34 com_github_MitjaNemec_PlaceFootprints.place_footprints 156:Footprint C10 on root level
10-15 13:02:34 com_github_MitjaNemec_PlaceFootprints.place_footprints 156:Footprint C3 on root level
10-15 13:02:34 com_github_MitjaNemec_PlaceFootprints.place_footprints 156:Footprint C9 on root level
10-15 13:02:34 com_github_MitjaNemec_PlaceFootprints.place_footprints 156:Footprint C6 on root level
10-15 13:02:34 com_github_MitjaNemec_PlaceFootprints.place_footprints 156:Footprint C7 on root level
10-15 13:02:34 com_github_MitjaNemec_PlaceFootprints.place_footprints 156:Footprint U4 on root level
10-15 13:02:34 com_github_MitjaNemec_PlaceFootprints.place_footprints 156:Footprint U3 on root level
10-15 13:02:34 com_github_MitjaNemec_PlaceFootprints.place_footprints 156:Footprint U2 on root level
10-15 13:02:34 com_github_MitjaNemec_PlaceFootprints.place_footprints 156:Footprint U1 on root level
10-15 13:02:34 com_github_MitjaNemec_PlaceFootprints.place_footprints 156:Footprint R55 on root level
10-15 13:02:34 com_github_MitjaNemec_PlaceFootprints.place_footprints 156:Footprint R54 on root level
10-15 13:02:34 com_github_MitjaNemec_PlaceFootprints.place_footprints 156:Footprint R53 on root level
10-15 13:02:34 com_github_MitjaNemec_PlaceFootprints.place_footprints 156:Footprint R52 on root level
10-15 13:02:34 com_github_MitjaNemec_PlaceFootprints.place_footprints 156:Footprint R51 on root level
10-15 13:02:34 com_github_MitjaNemec_PlaceFootprints.place_footprints 156:Footprint R50 on root level
10-15 13:02:34 com_github_MitjaNemec_PlaceFootprints.place_footprints 156:Footprint R49 on root level
10-15 13:02:34 com_github_MitjaNemec_PlaceFootprints.place_footprints 156:Footprint R48 on root level
10-15 13:02:34 com_github_MitjaNemec_PlaceFootprints.place_footprints 156:Footprint R47 on root level
10-15 13:02:34 com_github_MitjaNemec_PlaceFootprints.place_footprints 156:Footprint R46 on root level
10-15 13:02:34 com_github_MitjaNemec_PlaceFootprints.place_footprints 156:Footprint R45 on root level
10-15 13:02:34 com_github_MitjaNemec_PlaceFootprints.place_footprints 156:Footprint R38 on root level
10-15 13:02:34 com_github_MitjaNemec_PlaceFootprints.place_footprints 156:Footprint R37 on root level
10-15 13:02:34 com_github_MitjaNemec_PlaceFootprints.place_footprints 156:Footprint R36 on root level
10-15 13:02:34 com_github_MitjaNemec_PlaceFootprints.place_footprints 156:Footprint R35 on root level
10-15 13:02:34 com_github_MitjaNemec_PlaceFootprints.place_footprints 156:Footprint R34 on root level
10-15 13:02:34 com_github_MitjaNemec_PlaceFootprints.place_footprints 156:Footprint R33 on root level
10-15 13:02:34 com_github_MitjaNemec_PlaceFootprints.place_footprints 156:Footprint R32 on root level
10-15 13:02:34 com_github_MitjaNemec_PlaceFootprints.place_footprints 156:Footprint R31 on root level
10-15 13:02:34 com_github_MitjaNemec_PlaceFootprints.place_footprints 156:Footprint R30 on root level
10-15 13:02:34 com_github_MitjaNemec_PlaceFootprints.place_footprints 156:Footprint R29 on root level
10-15 13:02:34 com_github_MitjaNemec_PlaceFootprints.place_footprints 156:Footprint R28 on root level
10-15 13:02:34 com_github_MitjaNemec_PlaceFootprints.place_footprints 156:Footprint R27 on root level
10-15 13:02:34 com_github_MitjaNemec_PlaceFootprints.place_footprints 156:Footprint R26 on root level
10-15 13:02:34 com_github_MitjaNemec_PlaceFootprints.place_footprints 156:Footprint R25 on root level
10-15 13:02:34 com_github_MitjaNemec_PlaceFootprints.place_footprints 156:Footprint R24 on root level
10-15 13:02:34 com_github_MitjaNemec_PlaceFootprints.place_footprints 156:Footprint R23 on root level
10-15 13:02:34 com_github_MitjaNemec_PlaceFootprints.place_footprints 156:Footprint R22 on root level
10-15 13:02:34 com_github_MitjaNemec_PlaceFootprints.place_footprints 156:Footprint R21 on root level
10-15 13:02:34 com_github_MitjaNemec_PlaceFootprints.place_footprints 156:Footprint R20 on root level
10-15 13:02:34 com_github_MitjaNemec_PlaceFootprints.place_footprints 156:Footprint R19 on root level
10-15 13:02:34 com_github_MitjaNemec_PlaceFootprints.place_footprints 156:Footprint R18 on root level
10-15 13:02:34 com_github_MitjaNemec_PlaceFootprints.place_footprints 156:Footprint R17 on root level
10-15 13:02:34 com_github_MitjaNemec_PlaceFootprints.place_footprints 156:Footprint R16 on root level
10-15 13:02:34 com_github_MitjaNemec_PlaceFootprints.place_footprints 156:Footprint R15 on root level
10-15 13:02:34 com_github_MitjaNemec_PlaceFootprints.place_footprints 156:Footprint R14 on root level
10-15 13:02:34 com_github_MitjaNemec_PlaceFootprints.place_footprints 156:Footprint R13 on root level
10-15 13:02:34 com_github_MitjaNemec_PlaceFootprints.place_footprints 156:Footprint R12 on root level
10-15 13:02:34 com_github_MitjaNemec_PlaceFootprints.place_footprints 156:Footprint R11 on root level
10-15 13:02:34 com_github_MitjaNemec_PlaceFootprints.place_footprints 156:Footprint R10 on root level
10-15 13:02:34 com_github_MitjaNemec_PlaceFootprints.place_footprints 156:Footprint R9 on root level
10-15 13:02:34 com_github_MitjaNemec_PlaceFootprints.place_footprints 156:Footprint R8 on root level
10-15 13:02:34 com_github_MitjaNemec_PlaceFootprints.place_footprints 156:Footprint R7 on root level
10-15 13:02:34 com_github_MitjaNemec_PlaceFootprints.place_footprints 156:Footprint R6 on root level
10-15 13:02:34 com_github_MitjaNemec_PlaceFootprints.place_footprints 156:Footprint R5 on root level
10-15 13:02:34 com_github_MitjaNemec_PlaceFootprints.place_footprints 156:Footprint R4 on root level
10-15 13:02:34 com_github_MitjaNemec_PlaceFootprints.place_footprints 156:Footprint R3 on root level
10-15 13:02:34 com_github_MitjaNemec_PlaceFootprints.place_footprints 156:Footprint R2 on root level
10-15 13:02:34 com_github_MitjaNemec_PlaceFootprints.place_footprints 156:Footprint R1 on root level
10-15 13:02:34 com_github_MitjaNemec_PlaceFootprints.place_footprints 156:Footprint Q3 on root level
10-15 13:02:34 com_github_MitjaNemec_PlaceFootprints.place_footprints 156:Footprint Q2 on root level
10-15 13:02:34 com_github_MitjaNemec_PlaceFootprints.place_footprints 156:Footprint Q1 on root level
10-15 13:02:34 com_github_MitjaNemec_PlaceFootprints.place_footprints 156:Footprint J5 on root level
10-15 13:02:34 com_github_MitjaNemec_PlaceFootprints.place_footprints 156:Footprint D2 on root level
10-15 13:02:34 com_github_MitjaNemec_PlaceFootprints.place_footprints 156:Footprint D1 on root level
10-15 13:02:34 com_github_MitjaNemec_PlaceFootprints.place_footprints 156:Footprint C11 on root level
10-15 13:02:34 com_github_MitjaNemec_PlaceFootprints.place_footprints 156:Footprint C4 on root level
10-15 13:02:34 com_github_MitjaNemec_PlaceFootprints.place_footprints 156:Footprint C2 on root level
10-15 13:02:34 com_github_MitjaNemec_PlaceFootprints.place_footprints 156:Footprint C1 on root level
